<?xml version="1.0" encoding="UTF-8"?>
<coverage generated="1621573061185" clover="3.2.0">
  <project timestamp="1621573061185" name="All files">
    <metrics statements="4" coveredstatements="4" conditionals="4" coveredconditionals="3" methods="1" coveredmethods="1" elements="9" coveredelements="8" complexity="0" loc="4" ncloc="4" packages="1" files="1" classes="1"/>
    <file name="Potion.js" path="/Users/arnaut/UCB-bootcamp/jest-another-RPG/lib/Potion.js">
      <metrics statements="4" coveredstatements="4" conditionals="4" coveredconditionals="3" methods="1" coveredmethods="1"/>
      <line num="2" count="1" type="stmt"/>
      <line num="3" count="1" type="cond" truecount="2" falsecount="0"/>
      <line num="4" count="1" type="cond" truecount="1" falsecount="1"/>
      <line num="9" count="1" type="stmt"/>
    </file>
  </project>
</coverage>
