{"/Users/arnaut/UCB-bootcamp/jest-another-RPG/lib/Enemy.js": {"path":"/Users/arnaut/UCB-bootcamp/jest-another-RPG/lib/Enemy.js","statementMap":{"0":{"start":{"line":1,"column":15},"end":{"line":1,"column":39}},"1":{"start":{"line":4,"column":4},"end":{"line":4,"column":21}},"2":{"start":{"line":5,"column":4},"end":{"line":5,"column":25}},"3":{"start":{"line":6,"column":4},"end":{"line":6,"column":31}},"4":{"start":{"line":8,"column":4},"end":{"line":8,"column":54}},"5":{"start":{"line":9,"column":4},"end":{"line":9,"column":54}},"6":{"start":{"line":10,"column":4},"end":{"line":10,"column":53}},"7":{"start":{"line":13,"column":0},"end":{"line":15,"column":1}},"8":{"start":{"line":14,"column":4},"end":{"line":14,"column":58}},"9":{"start":{"line":17,"column":0},"end":{"line":19,"column":1}},"10":{"start":{"line":18,"column":4},"end":{"line":18,"column":44}},"11":{"start":{"line":21,"column":0},"end":{"line":26,"column":1}},"12":{"start":{"line":22,"column":16},"end":{"line":22,"column":33}},"13":{"start":{"line":23,"column":16},"end":{"line":23,"column":33}},"14":{"start":{"line":25,"column":4},"end":{"line":25,"column":58}},"15":{"start":{"line":28,"column":0},"end":{"line":30,"column":1}},"16":{"start":{"line":29,"column":4},"end":{"line":29,"column":65}},"17":{"start":{"line":32,"column":0},"end":{"line":34,"column":1}},"18":{"start":{"line":33,"column":4},"end":{"line":33,"column":66}},"19":{"start":{"line":36,"column":0},"end":{"line":36,"column":23}}},"fnMap":{"0":{"name":"Enemy","decl":{"start":{"line":3,"column":9},"end":{"line":3,"column":14}},"loc":{"start":{"line":3,"column":29},"end":{"line":11,"column":1}},"line":3},"1":{"name":"(anonymous_1)","decl":{"start":{"line":13,"column":28},"end":{"line":13,"column":29}},"loc":{"start":{"line":13,"column":39},"end":{"line":15,"column":1}},"line":13},"2":{"name":"(anonymous_2)","decl":{"start":{"line":17,"column":26},"end":{"line":17,"column":27}},"loc":{"start":{"line":17,"column":37},"end":{"line":19,"column":1}},"line":17},"3":{"name":"(anonymous_3)","decl":{"start":{"line":21,"column":33},"end":{"line":21,"column":34}},"loc":{"start":{"line":21,"column":44},"end":{"line":26,"column":1}},"line":21},"4":{"name":"(anonymous_4)","decl":{"start":{"line":28,"column":31},"end":{"line":28,"column":32}},"loc":{"start":{"line":28,"column":48},"end":{"line":30,"column":1}},"line":28},"5":{"name":"(anonymous_5)","decl":{"start":{"line":32,"column":33},"end":{"line":32,"column":34}},"loc":{"start":{"line":32,"column":44},"end":{"line":34,"column":1}},"line":32}},"branchMap":{"0":{"loc":{"start":{"line":18,"column":11},"end":{"line":18,"column":43}},"type":"cond-expr","locations":[{"start":{"line":18,"column":31},"end":{"line":18,"column":36}},{"start":{"line":18,"column":39},"end":{"line":18,"column":43}}],"line":18},"1":{"loc":{"start":{"line":29,"column":19},"end":{"line":29,"column":64}},"type":"cond-expr","locations":[{"start":{"line":29,"column":44},"end":{"line":29,"column":55}},{"start":{"line":29,"column":58},"end":{"line":29,"column":64}}],"line":29}},"s":{"0":1,"1":6,"2":6,"3":6,"4":6,"5":6,"6":6,"7":1,"8":1,"9":1,"10":2,"11":1,"12":2,"13":2,"14":2,"15":1,"16":2,"17":1,"18":2,"19":1},"f":{"0":6,"1":1,"2":2,"3":2,"4":2,"5":2},"b":{"0":[1,1],"1":[1,1]},"_coverageSchema":"1a1c01bbd47fc00a2c39e90264f33305004495a9","hash":"ae6220255ebbe7623e545f529ef9974528d717ea"}
,"/Users/arnaut/UCB-bootcamp/jest-another-RPG/lib/Player.js": {"path":"/Users/arnaut/UCB-bootcamp/jest-another-RPG/lib/Player.js","statementMap":{"0":{"start":{"line":1,"column":15},"end":{"line":1,"column":39}},"1":{"start":{"line":4,"column":4},"end":{"line":4,"column":21}},"2":{"start":{"line":6,"column":4},"end":{"line":6,"column":54}},"3":{"start":{"line":7,"column":4},"end":{"line":7,"column":54}},"4":{"start":{"line":8,"column":4},"end":{"line":8,"column":53}},"5":{"start":{"line":10,"column":4},"end":{"line":10,"column":58}},"6":{"start":{"line":14,"column":0},"end":{"line":21,"column":2}},"7":{"start":{"line":15,"column":4},"end":{"line":20,"column":6}},"8":{"start":{"line":23,"column":0},"end":{"line":25,"column":2}},"9":{"start":{"line":24,"column":4},"end":{"line":24,"column":58}},"10":{"start":{"line":27,"column":0},"end":{"line":29,"column":1}},"11":{"start":{"line":28,"column":4},"end":{"line":28,"column":58}},"12":{"start":{"line":31,"column":0},"end":{"line":33,"column":1}},"13":{"start":{"line":32,"column":4},"end":{"line":32,"column":44}},"14":{"start":{"line":35,"column":0},"end":{"line":37,"column":1}},"15":{"start":{"line":36,"column":4},"end":{"line":36,"column":65}},"16":{"start":{"line":39,"column":0},"end":{"line":39,"column":24}}},"fnMap":{"0":{"name":"Player","decl":{"start":{"line":3,"column":9},"end":{"line":3,"column":15}},"loc":{"start":{"line":3,"column":27},"end":{"line":12,"column":1}},"line":3},"1":{"name":"(anonymous_1)","decl":{"start":{"line":14,"column":28},"end":{"line":14,"column":29}},"loc":{"start":{"line":14,"column":39},"end":{"line":21,"column":1}},"line":14},"2":{"name":"(anonymous_2)","decl":{"start":{"line":23,"column":32},"end":{"line":23,"column":33}},"loc":{"start":{"line":23,"column":43},"end":{"line":25,"column":1}},"line":23},"3":{"name":"(anonymous_3)","decl":{"start":{"line":27,"column":29},"end":{"line":27,"column":30}},"loc":{"start":{"line":27,"column":40},"end":{"line":29,"column":1}},"line":27},"4":{"name":"(anonymous_4)","decl":{"start":{"line":31,"column":27},"end":{"line":31,"column":28}},"loc":{"start":{"line":31,"column":38},"end":{"line":33,"column":1}},"line":31},"5":{"name":"(anonymous_5)","decl":{"start":{"line":35,"column":32},"end":{"line":35,"column":33}},"loc":{"start":{"line":35,"column":49},"end":{"line":37,"column":1}},"line":35}},"branchMap":{"0":{"loc":{"start":{"line":3,"column":16},"end":{"line":3,"column":25}},"type":"default-arg","locations":[{"start":{"line":3,"column":23},"end":{"line":3,"column":25}}],"line":3},"1":{"loc":{"start":{"line":24,"column":11},"end":{"line":24,"column":57}},"type":"cond-expr","locations":[{"start":{"line":24,"column":35},"end":{"line":24,"column":49}},{"start":{"line":24,"column":52},"end":{"line":24,"column":57}}],"line":24},"2":{"loc":{"start":{"line":32,"column":11},"end":{"line":32,"column":43}},"type":"cond-expr","locations":[{"start":{"line":32,"column":31},"end":{"line":32,"column":36}},{"start":{"line":32,"column":39},"end":{"line":32,"column":43}}],"line":32},"3":{"loc":{"start":{"line":36,"column":19},"end":{"line":36,"column":64}},"type":"cond-expr","locations":[{"start":{"line":36,"column":44},"end":{"line":36,"column":55}},{"start":{"line":36,"column":58},"end":{"line":36,"column":64}}],"line":36}},"s":{"0":1,"1":6,"2":6,"3":6,"4":6,"5":6,"6":1,"7":4,"8":1,"9":2,"10":1,"11":1,"12":1,"13":2,"14":1,"15":2,"16":1},"f":{"0":6,"1":4,"2":2,"3":1,"4":2,"5":2},"b":{"0":[0],"1":[1,1],"2":[1,1],"3":[1,1]},"_coverageSchema":"1a1c01bbd47fc00a2c39e90264f33305004495a9","hash":"00eb672ded9a38f25cd1270a5266609deb00de4c"}
,"/Users/arnaut/UCB-bootcamp/jest-another-RPG/lib/Potion.js": {"path":"/Users/arnaut/UCB-bootcamp/jest-another-RPG/lib/Potion.js","statementMap":{"0":{"start":{"line":2,"column":4},"end":{"line":2,"column":49}},"1":{"start":{"line":3,"column":4},"end":{"line":3,"column":82}},"2":{"start":{"line":4,"column":4},"end":{"line":6,"column":42}},"3":{"start":{"line":9,"column":0},"end":{"line":9,"column":24}}},"fnMap":{"0":{"name":"Potion","decl":{"start":{"line":1,"column":9},"end":{"line":1,"column":15}},"loc":{"start":{"line":1,"column":22},"end":{"line":7,"column":1}},"line":1}},"branchMap":{"0":{"loc":{"start":{"line":3,"column":16},"end":{"line":3,"column":81}},"type":"binary-expr","locations":[{"start":{"line":3,"column":16},"end":{"line":3,"column":20}},{"start":{"line":3,"column":24},"end":{"line":3,"column":81}}],"line":3},"1":{"loc":{"start":{"line":4,"column":17},"end":{"line":6,"column":41}},"type":"cond-expr","locations":[{"start":{"line":5,"column":8},"end":{"line":5,"column":43}},{"start":{"line":6,"column":8},"end":{"line":6,"column":41}}],"line":4}},"s":{"0":1,"1":1,"2":1,"3":3},"f":{"0":1},"b":{"0":[1,1],"1":[0,1]},"_coverageSchema":"1a1c01bbd47fc00a2c39e90264f33305004495a9","hash":"8c7683f64e98b0735513687634cfa0574493a2d6"}
}
