TN:
SF:lib/Player.js
FN:3,Player
FN:14,(anonymous_1)
FN:23,(anonymous_2)
FN:27,(anonymous_3)
FN:31,(anonymous_4)
FN:35,(anonymous_5)
FNF:6
FNH:6
FNDA:6,Player
FNDA:4,(anonymous_1)
FNDA:2,(anonymous_2)
FNDA:1,(anonymous_3)
FNDA:2,(anonymous_4)
FNDA:2,(anonymous_5)
DA:1,1
DA:4,6
DA:6,6
DA:7,6
DA:8,6
DA:10,6
DA:14,1
DA:15,4
DA:23,1
DA:24,2
DA:27,1
DA:28,1
DA:31,1
DA:32,2
DA:35,1
DA:36,2
DA:39,1
LF:17
LH:17
BRDA:3,0,0,0
BRDA:24,1,0,1
BRDA:24,1,1,1
BRDA:32,2,0,1
BRDA:32,2,1,1
BRDA:36,3,0,1
BRDA:36,3,1,1
BRF:7
BRH:6
end_of_record
TN:
SF:lib/Potion.js
FN:1,Potion
FNF:1
FNH:1
FNDA:1,Potion
DA:2,1
DA:3,1
DA:4,1
DA:9,2
LF:4
LH:4
BRDA:3,0,0,1
BRDA:3,0,1,1
BRDA:4,1,0,0
BRDA:4,1,1,1
BRF:4
BRH:3
end_of_record
